{
  "seed": 300,
  "scale": 0.5,
  "repeat": 1,
  "runs": [
    {
      "iteration": 1,
      "runtimeMs": 146879,
      "nodeMemoryRssMb": 922.16,
      "nodeHeapUsedMb": 301.61,
      "insertRateRowsPerSec": 8067,
      "counts": {
        "users": 250,
        "projects": 500,
        "work_tasks": 50000,
        "workspaces": 25,
        "attachments": 25000,
        "audit_events": 1000000,
        "organizations": 1,
        "workspace_members": 1100,
        "schedule_baselines": 100,
        "user_organizations": 250,
        "earned_value_snapshots": 1200,
        "work_task_dependencies": 74000,
        "schedule_baseline_items": 10000,
        "workspace_member_capacity": 22500
      },
      "detectedSchemaHash": "b9bd6c471dd6e627",
      "skippedTables": []
    }
  ],
  "explainPlans": [
    {
      "name": "work_tasks_by_project_status_rank",
      "description": "Board column query — tasks by project + status ordered by rank",
      "expectedIndex": "idx_work_tasks_board_column (project_id, status, rank) WHERE deleted_at IS NULL",
      "planningTimeMs": 1.145,
      "executionTimeMs": 0.241,
      "rows": 25,
      "planText": "Limit  (cost=97.40..97.46 rows=25 width=24) (actual time=0.209..0.215 rows=30 loops=1)\n  Buffers: shared read=6\n  ->  Sort  (cost=97.40..97.46 rows=25 width=24) (actual time=0.207..0.210 rows=30 loops=1)\n        Sort Key: rank\n        Sort Method: quicksort  Memory: 27kB\n        Buffers: shared read=6\n        ->  Bitmap Heap Scan on work_tasks  (cost=4.67..96.82 rows=25 width=24) (actual time=0.166..0.185 rows=30 loops=1)\n              Recheck Cond: ((project_id = '42be1400-851b-58a5-a0f1-9dd0f3cd57d0'::uuid) AND (status = 'IN_PROGRESS'::work_tasks_status_enum) AND (deleted_at IS NULL))\n              Filter: (organization_id = '687b84e6-ca45-5c70-858e-dcf70dba06db'::uuid)\n              Heap Blocks: exact=2\n              Buffers: shared read=6\n              ->  Bitmap Index Scan on idx_work_tasks_board_column  (cost=0.00..4.67 rows=25 width=0) (actual time=0.071..0.072 rows=30 loops=1)\n                    Index Cond: ((project_id = '42be1400-851b-58a5-a0f1-9dd0f3cd57d0'::uuid) AND (status = 'IN_PROGRESS'::work_tasks_status_enum))\n                    Buffers: shared read=4\nPlanning:\n  Buffers: shared hit=43 read=24\nPlanning Time: 1.145 ms\nExecution Time: 0.241 ms"
    },
    {
      "name": "work_tasks_by_project_list_default",
      "description": "Project task list default — all tasks for a project ordered by rank",
      "expectedIndex": "idx_work_tasks_stats_project or idx_work_tasks_board_column",
      "planningTimeMs": 0.853,
      "executionTimeMs": 0.654,
      "rows": 83,
      "planText": "Limit  (cost=290.71..290.91 rows=83 width=39) (actual time=0.169..0.463 rows=100 loops=1)\n  Buffers: shared hit=2 read=4\n  ->  Sort  (cost=290.71..290.91 rows=83 width=39) (actual time=0.167..0.452 rows=100 loops=1)\n        Sort Key: rank\n        Sort Method: quicksort  Memory: 32kB\n        Buffers: shared hit=2 read=4\n        ->  Bitmap Heap Scan on work_tasks  (cost=4.94..288.06 rows=83 width=39) (actual time=0.062..0.108 rows=100 loops=1)\n              Recheck Cond: (project_id = '42be1400-851b-58a5-a0f1-9dd0f3cd57d0'::uuid)\n              Filter: ((deleted_at IS NULL) AND (organization_id = '687b84e6-ca45-5c70-858e-dcf70dba06db'::uuid))\n              Heap Blocks: exact=4\n              Buffers: shared hit=2 read=4\n              ->  Bitmap Index Scan on \"IDX_work_tasks_project_id\"  (cost=0.00..4.92 rows=84 width=0) (actual time=0.042..0.042 rows=100 loops=1)\n                    Index Cond: (project_id = '42be1400-851b-58a5-a0f1-9dd0f3cd57d0'::uuid)\n                    Buffers: shared read=2\nPlanning:\n  Buffers: shared hit=8\nPlanning Time: 0.853 ms\nExecution Time: 0.654 ms"
    },
    {
      "name": "work_task_dependencies_by_project",
      "description": "Dependencies for a project — Gantt view input",
      "expectedIndex": "idx_work_task_deps_org_project (organization_id, project_id)",
      "planningTimeMs": 0.524,
      "executionTimeMs": 0.124,
      "rows": 145,
      "planText": "Index Scan using idx_work_task_deps_org_project on work_task_dependencies  (cost=0.29..259.44 rows=145 width=52) (actual time=0.038..0.096 rows=148 loops=1)\n  Index Cond: ((organization_id = '687b84e6-ca45-5c70-858e-dcf70dba06db'::uuid) AND (project_id = '42be1400-851b-58a5-a0f1-9dd0f3cd57d0'::uuid))\n  Buffers: shared read=6\nPlanning:\n  Buffers: shared hit=22 read=11\nPlanning Time: 0.524 ms\nExecution Time: 0.124 ms"
    },
    {
      "name": "audit_events_by_org_created_desc",
      "description": "Audit log newest — admin audit viewer default query",
      "expectedIndex": "idx_audit_events_org_created_desc (organization_id, created_at DESC)",
      "planningTimeMs": 0.609,
      "executionTimeMs": 0.063,
      "rows": 50,
      "planText": "Limit  (cost=0.42..6.30 rows=50 width=42) (actual time=0.023..0.044 rows=50 loops=1)\n  Buffers: shared hit=5\n  ->  Index Scan using idx_audit_events_org_created_desc on audit_events  (cost=0.42..117464.70 rows=999969 width=42) (actual time=0.022..0.037 rows=50 loops=1)\n        Index Cond: (organization_id = '687b84e6-ca45-5c70-858e-dcf70dba06db'::uuid)\n        Buffers: shared hit=5\nPlanning:\n  Buffers: shared hit=75 read=8\nPlanning Time: 0.609 ms\nExecution Time: 0.063 ms"
    },
    {
      "name": "projects_by_workspace_created_desc",
      "description": "Projects list by workspace — workspace home page",
      "expectedIndex": "idx_projects_org_created_at (organization_id, created_at DESC)",
      "planningTimeMs": 0.291,
      "executionTimeMs": 0.068,
      "rows": 50,
      "planText": "Limit  (cost=0.28..16.83 rows=50 width=47) (actual time=0.033..0.050 rows=50 loops=1)\n  Buffers: shared hit=3 read=2\n  ->  Index Scan using idx_projects_org_created_at on projects  (cost=0.28..165.82 rows=500 width=47) (actual time=0.032..0.044 rows=50 loops=1)\n        Index Cond: (organization_id = '687b84e6-ca45-5c70-858e-dcf70dba06db'::uuid)\n        Buffers: shared hit=3 read=2\nPlanning:\n  Buffers: shared hit=18\nPlanning Time: 0.291 ms\nExecution Time: 0.068 ms"
    }
  ],
  "summary": {
    "avgRuntimeMs": 146879,
    "avgInsertRate": 8067,
    "avgMemoryRssMb": 922.16,
    "avgMemoryHeapMb": 301.61
  },
  "createdAt": "2026-02-14T06:47:15.377Z"
}
